2023-11-13 15:20:26,842:INFO:Fetching top players from the leaderboard...
2023-11-13 15:21:57,545:INFO:Leaderboard loaded.
2023-11-13 15:22:02,484:INFO:Starting to create augment mapping...
2023-11-13 15:22:09,365:ERROR:Error mapping augment: Message: no such element: Unable to locate element: {"method":"xpath","selector":".//img[starts-with(@src, '//cdn.lolchess.gg')]"}
  (Session info: headless chrome=119.0.6045.124); For documentation on this error, please visit: https://www.selenium.dev/documentation/webdriver/troubleshooting/errors#no-such-element-exception
Stacktrace:
	GetHandleVerifier [0x00007FF7184682B2+55298]
	(No symbol) [0x00007FF7183D5E02]
	(No symbol) [0x00007FF7182905AB]
	(No symbol) [0x00007FF7182D175C]
	(No symbol) [0x00007FF7182D18DC]
	(No symbol) [0x00007FF7182C819C]
	(No symbol) [0x00007FF7182F20EF]
	(No symbol) [0x00007FF7182C80CF]
	(No symbol) [0x00007FF7182F22C0]
	(No symbol) [0x00007FF71830AAA4]
	(No symbol) [0x00007FF7182F1E83]
	(No symbol) [0x00007FF7182C670A]
	(No symbol) [0x00007FF7182C7964]
	GetHandleVerifier [0x00007FF7187E0AAB+3694587]
	GetHandleVerifier [0x00007FF71883728E+4048862]
	GetHandleVerifier [0x00007FF71882F173+4015811]
	GetHandleVerifier [0x00007FF7185047D6+695590]
	(No symbol) [0x00007FF7183E0CE8]
	(No symbol) [0x00007FF7183DCF34]
	(No symbol) [0x00007FF7183DD062]
	(No symbol) [0x00007FF7183CD3A3]
	BaseThreadInitThunk [0x00007FFCFE417344+20]
	RtlUserThreadStart [0x00007FFD003826B1+33]

2023-11-13 15:22:09,374:ERROR:Error mapping augment: Message: no such element: Unable to locate element: {"method":"xpath","selector":".//img[starts-with(@src, '//cdn.lolchess.gg')]"}
  (Session info: headless chrome=119.0.6045.124); For documentation on this error, please visit: https://www.selenium.dev/documentation/webdriver/troubleshooting/errors#no-such-element-exception
Stacktrace:
	GetHandleVerifier [0x00007FF7184682B2+55298]
	(No symbol) [0x00007FF7183D5E02]
	(No symbol) [0x00007FF7182905AB]
	(No symbol) [0x00007FF7182D175C]
	(No symbol) [0x00007FF7182D18DC]
	(No symbol) [0x00007FF7182C819C]
	(No symbol) [0x00007FF7182F20EF]
	(No symbol) [0x00007FF7182C80CF]
	(No symbol) [0x00007FF7182F22C0]
	(No symbol) [0x00007FF71830AAA4]
	(No symbol) [0x00007FF7182F1E83]
	(No symbol) [0x00007FF7182C670A]
	(No symbol) [0x00007FF7182C7964]
	GetHandleVerifier [0x00007FF7187E0AAB+3694587]
	GetHandleVerifier [0x00007FF71883728E+4048862]
	GetHandleVerifier [0x00007FF71882F173+4015811]
	GetHandleVerifier [0x00007FF7185047D6+695590]
	(No symbol) [0x00007FF7183E0CE8]
	(No symbol) [0x00007FF7183DCF34]
	(No symbol) [0x00007FF7183DD062]
	(No symbol) [0x00007FF7183CD3A3]
	BaseThreadInitThunk [0x00007FFCFE417344+20]
	RtlUserThreadStart [0x00007FFD003826B1+33]

2023-11-13 15:22:13,830:INFO:Augment mapping creation finished.
2023-11-13 15:22:27,056:INFO:Player: MGG ARaye, Match Data: {'placement': 2, 'augments': {'2-1': 'Young and Wild and Free', '3-2': 'Know Your Enemy', '4-2': 'Demacia Crest'}}
2023-11-13 15:22:27,056:INFO:Player: MGG ARaye, Match Data: {'placement': 1, 'augments': {'2-1': 'Unified Resistance I', '3-2': 'Stationary Support II', '4-2': 'Long Distance Pals II'}}
2023-11-13 15:22:27,056:INFO:Player: MGG ARaye, Match Data: {'placement': 2, 'augments': {'2-1': "Sentinel's Spirit", '3-2': 'Healing Orbs II', '4-2': ''}}
2023-11-13 15:22:27,056:INFO:Player: MGG ARaye, Match Data: {'placement': 3, 'augments': {'2-1': 'Unknown Augment', '3-2': 'Stolen Vitality', '4-2': 'Unknown Augment'}}
2023-11-13 15:22:27,056:INFO:Player: MGG ARaye, Match Data: {'placement': 1, 'augments': {'2-1': 'Unknown Augment', '3-2': 'Stationary Support III', '4-2': 'Unknown Augment'}}
2023-11-13 15:22:27,056:INFO:Player: MGG ARaye, Match Data: {'placement': 1, 'augments': {'2-1': 'Unknown Augment', '3-2': 'Ionia Crest', '4-2': 'Unknown Augment'}}
2023-11-13 15:22:27,056:INFO:Player: MGG ARaye, Match Data: {'placement': 1, 'augments': {'2-1': 'Young and Wild and Free', '3-2': 'Healing Orbs I', '4-2': 'Demacia Crest'}}
2023-11-13 15:22:27,056:INFO:Player: MGG ARaye, Match Data: {'placement': 2, 'augments': {'2-1': 'Unknown Augment', '3-2': 'Capricious Forge', '4-2': 'Magic Wand'}}
2023-11-13 15:22:27,056:INFO:Player: MGG ARaye, Match Data: {'placement': 2, 'augments': {'2-1': 'Healing Orbs I', '3-2': 'Unknown Augment', '4-2': ''}}
2023-11-13 15:22:27,056:INFO:Player: MGG ARaye, Match Data: {'placement': 4, 'augments': {'2-1': 'Unknown Augment', '3-2': 'Tons of Stats!', '4-2': 'Healing Orbs II'}}
2023-11-13 15:22:27,056:INFO:Player: MGG ARaye, Match Data: {'placement': 1, 'augments': {'2-1': 'Bruiser Heart', '3-2': 'Frequent Flier', '4-2': 'Unknown Augment'}}
2023-11-13 15:22:27,057:INFO:Player: MGG ARaye, Match Data: {'placement': 1, 'augments': {'2-1': 'Unknown Augment', '3-2': 'Unknown Augment', '4-2': 'Unknown Augment'}}
2023-11-13 15:22:27,057:INFO:Player: MGG ARaye, Match Data: {'placement': 2, 'augments': {'2-1': 'Unknown Augment', '3-2': 'Cybernetic Bulk I', '4-2': 'Unknown Augment'}}
2023-11-13 15:22:27,057:INFO:Player: MGG ARaye, Match Data: {'placement': 2, 'augments': {'2-1': 'Unknown Augment', '3-2': 'Zaun Heart', '4-2': 'Challenger Crest'}}
2023-11-13 15:22:27,057:INFO:Player: MGG ARaye, Match Data: {'placement': 1, 'augments': {'2-1': 'Unknown Augment', '3-2': 'Healing Orbs I', '4-2': 'Ancient Archives II'}}
2023-11-13 15:22:27,057:INFO:Player: MGG ARaye, Match Data: {'placement': 2, 'augments': {'2-1': 'Slayer Crest', '3-2': 'Contagion', '4-2': 'Martyr'}}
2023-11-13 15:22:27,057:INFO:Player: MGG ARaye, Match Data: {'placement': 4, 'augments': {'2-1': 'Buried Treasures II', '3-2': 'Bilgewater Crown', '4-2': 'Unknown Augment'}}
2023-11-13 15:22:27,057:INFO:Player: MGG ARaye, Match Data: {'placement': 1, 'augments': {'2-1': 'Unknown Augment', '3-2': 'Martyr', '4-2': 'Unknown Augment'}}
2023-11-13 15:22:27,057:INFO:Player: MGG ARaye, Match Data: {'placement': 4, 'augments': {'2-1': 'Unknown Augment', '3-2': 'Dedication', '4-2': 'Stationary Support II'}}
2023-11-13 15:22:27,057:INFO:Player: MGG ARaye, Match Data: {'placement': 3, 'augments': {'2-1': 'Unknown Augment', '3-2': 'Unknown Augment', '4-2': 'Petricite Shackles'}}
2023-11-13 15:22:27,057:INFO:Player: MGG ARaye, Match Data: {'placement': 3, 'augments': {'2-1': 'Unknown Augment', '3-2': 'Return on Investment', '4-2': 'Martyr'}}
2023-11-13 15:22:27,057:INFO:Player: MGG ARaye, Match Data: {'placement': 4, 'augments': {'2-1': 'Unknown Augment', '3-2': 'Titanic Strength', '4-2': 'Blinding Speed'}}
2023-11-13 15:22:27,057:INFO:Player: MGG ARaye, Match Data: {'placement': 1, 'augments': {'2-1': 'Wandering Trainer', '3-2': "Pandora's Bench", '4-2': 'Unknown Augment'}}
2023-11-13 15:22:27,057:INFO:Player: MGG ARaye, Match Data: {'placement': 8, 'augments': {'2-1': 'Young and Wild and Free', '3-2': 'Cybernetic Leech II', '4-2': ''}}
2023-11-13 15:22:27,057:INFO:Player: MGG ARaye, Match Data: {'placement': 6, 'augments': {'2-1': 'Built Different II', '3-2': 'Last Stand', '4-2': 'Golden Ticket'}}
2023-11-13 15:22:27,057:INFO:Player: MGG ARaye, Match Data: {'placement': 1, 'augments': {'2-1': 'Unknown Augment', '3-2': 'Jeweled Lotus III', '4-2': 'Unknown Augment'}}
2023-11-13 15:22:27,057:INFO:Player: MGG ARaye, Match Data: {'placement': 7, 'augments': {'2-1': 'Endurance Training', '3-2': 'Gargantuan Resolve', '4-2': 'Unknown Augment'}}
2023-11-13 15:22:27,057:INFO:Player: MGG ARaye, Match Data: {'placement': 3, 'augments': {'2-1': 'Noxus Crown', '3-2': 'Jeweled Lotus III', '4-2': 'Unknown Augment'}}
2023-11-13 15:22:27,057:INFO:Player: MGG ARaye, Match Data: {'placement': 4, 'augments': {'2-1': 'Cybernetic Bulk I', '3-2': 'Dedication', '4-2': 'Healing Orbs II'}}
2023-11-13 15:22:27,058:INFO:Player: MGG ARaye, Match Data: {'placement': 4, 'augments': {'2-1': 'Young and Wild and Free', '3-2': 'You Have My Sword', '4-2': 'Ionia Crest'}}
2023-11-13 15:22:27,058:INFO:Player: MGG ARaye, Match Data: {'placement': 8, 'augments': {'2-1': 'Gifts from the Fallen', '3-2': 'Healing Orbs I', '4-2': 'Mana Burn'}}
2023-11-13 15:22:27,058:INFO:Player: MGG ARaye, Match Data: {'placement': 5, 'augments': {'2-1': 'Gargantuan Resolve', '3-2': 'Combat Caster', '4-2': 'Rejuvenating Flames'}}
2023-11-13 15:22:27,058:INFO:Player: MGG ARaye, Match Data: {'placement': 8, 'augments': {'2-1': 'Consistency', '3-2': 'Return on Investment', '4-2': ''}}
2023-11-13 15:22:27,058:INFO:Player: MGG ARaye, Match Data: {'placement': 5, 'augments': {'2-1': 'High End Sector', '3-2': 'Level Up!', '4-2': 'Bruiser Crown'}}
2023-11-13 15:22:27,058:INFO:Player: MGG ARaye, Match Data: {'placement': 1, 'augments': {'2-1': "Pandora's Items II", '3-2': 'Bronze Ticket', '4-2': 'Tons of Stats!'}}
2023-11-13 15:22:27,058:INFO:Player: MGG ARaye, Match Data: {'placement': 1, 'augments': {'2-1': "Three's Company", '3-2': 'Bronze Ticket', '4-2': 'Perfected Repetition'}}
2023-11-13 15:22:27,058:INFO:Player: MGG ARaye, Match Data: {'placement': 1, 'augments': {'2-1': 'Golden Ticket', '3-2': 'Bronze Ticket', '4-2': 'Cybernetic Leech II'}}
2023-11-13 15:22:27,058:INFO:Player: MGG ARaye, Match Data: {'placement': 7, 'augments': {'2-1': 'Buried Treasures I', '3-2': 'Unknown Augment', '4-2': 'Gifts from the Fallen'}}
2023-11-13 15:22:27,058:INFO:Player: MGG ARaye, Match Data: {'placement': 1, 'augments': {'2-1': 'Inconsistency', '3-2': 'Morning Light', '4-2': 'Magic Wand'}}
2023-11-13 15:22:27,058:INFO:Player: MGG ARaye, Match Data: {'placement': 5, 'augments': {'2-1': 'Young and Wild and Free', '3-2': 'Cybernetic Leech II', '4-2': 'Combat Caster'}}
2023-11-13 15:22:27,058:INFO:Player: MGG ARaye, Match Data: {'placement': 2, 'augments': {'2-1': 'Stable Evolution', '3-2': 'Return on Investment', '4-2': 'Multicaster Soul'}}
2023-11-13 15:22:27,058:INFO:Player: MGG ARaye, Match Data: {'placement': 1, 'augments': {'2-1': 'Long Distance Pals II', '3-2': 'Gunner Crown', '4-2': 'Gunner Heart'}}
2023-11-13 15:22:27,058:INFO:Player: MGG ARaye, Match Data: {'placement': 5, 'augments': {'2-1': 'Ravenous Hunter', '3-2': 'Juggernaut Heart', '4-2': 'Challenger Crest'}}
2023-11-13 15:22:27,058:INFO:Player: MGG ARaye, Match Data: {'placement': 1, 'augments': {'2-1': 'Overcharged Manafont', '3-2': 'Ancient Archives II', '4-2': 'Sorcerer Crest'}}
2023-11-13 15:22:27,058:INFO:Player: MGG ARaye, Match Data: {'placement': 4, 'augments': {'2-1': 'Unknown Augment', '3-2': 'Frequent Flier', '4-2': 'Martyr'}}
2023-11-13 15:22:27,058:INFO:Player: MGG ARaye, Match Data: {'placement': 2, 'augments': {'2-1': 'Stationary Support III', '3-2': 'Vanquisher Crown', '4-2': 'Impenetrable Bulwark'}}
2023-11-13 15:22:27,059:INFO:Player: MGG ARaye, Match Data: {'placement': 4, 'augments': {'2-1': 'Red Buff', '3-2': 'Gifts from the Fallen', '4-2': 'Stolen Vitality'}}
2023-11-13 15:22:27,059:INFO:Player: MGG ARaye, Match Data: {'placement': 5, 'augments': {'2-1': 'Vampiric Blades', '3-2': 'Gunner Crest', '4-2': 'Contagion'}}
2023-11-13 15:22:27,059:INFO:Player: MGG ARaye, Match Data: {'placement': 1, 'augments': {'2-1': 'Cybernetic Bulk I', '3-2': 'Ancient Archives I', '4-2': 'Bilgewater Crown'}}
2023-11-13 15:22:27,059:INFO:Player: MGG ARaye, Match Data: {'placement': 1, 'augments': {'2-1': 'Silver Ticket', '3-2': 'Gifts from the Fallen', '4-2': 'Combat Caster'}}
2023-11-13 15:22:27,059:INFO:Player: MGG ARaye, Match Data: {'placement': 5, 'augments': {'2-1': 'Unknown Augment', '3-2': 'Unknown Augment', '4-2': 'Contagion'}}
2023-11-13 15:22:27,059:INFO:Player: MGG ARaye, Match Data: {'placement': 6, 'augments': {'2-1': 'Binary Airdrop', '3-2': "Pandora's Bench", '4-2': 'Library Card'}}
2023-11-13 15:22:27,059:INFO:Player: MGG ARaye, Match Data: {'placement': 2, 'augments': {'2-1': 'Inconsistency', '3-2': 'Idealism', '4-2': 'Vanquisher Crown'}}
2023-11-13 15:22:27,059:INFO:Player: MGG ARaye, Match Data: {'placement': 5, 'augments': {'2-1': 'Unknown Augment', '3-2': 'Radiant Relics', '4-2': 'Vanquisher Crown'}}
2023-11-13 15:22:27,059:INFO:Player: MGG ARaye, Match Data: {'placement': 2, 'augments': {'2-1': '', '3-2': '', '4-2': ''}}
2023-11-13 15:22:27,059:INFO:Player: MGG ARaye, Match Data: {'placement': 1, 'augments': {'2-1': 'Healing Orbs I', '3-2': 'Gifts from the Fallen', '4-2': 'Contagion'}}
2023-11-13 15:22:27,059:INFO:Player: MGG ARaye, Match Data: {'placement': 2, 'augments': {'2-1': 'Buried Treasures II', '3-2': 'Unified Resistance I', '4-2': 'Cybernetic Leech II'}}
2023-11-13 15:22:27,059:INFO:Player: MGG ARaye, Match Data: {'placement': 2, 'augments': {'2-1': "Caretaker's Chosen", '3-2': 'Transfusion I', '4-2': 'Unknown Augment'}}
2023-11-13 15:22:27,059:INFO:Player: MGG ARaye, Match Data: {'placement': 4, 'augments': {'2-1': '', '3-2': '', '4-2': ''}}
2023-11-13 15:22:27,059:INFO:Player: MGG ARaye, Match Data: {'placement': 3, 'augments': {'2-1': 'Lucky Gloves', '3-2': "Pandora's Items", '4-2': 'Stolen Vitality'}}
2023-11-13 15:22:27,059:INFO:Player: MGG ARaye, Match Data: {'placement': 2, 'augments': {'2-1': 'Transfusion II', '3-2': 'Bronze Ticket', '4-2': 'Cybernetic Leech II'}}
2023-11-13 15:22:27,059:INFO:Player: MGG ARaye, Match Data: {'placement': 1, 'augments': {'2-1': 'Long Distance Pals II', '3-2': 'Unknown Augment', '4-2': 'Unknown Augment'}}
2023-11-13 15:22:27,059:INFO:Player: MGG ARaye, Match Data: {'placement': 3, 'augments': {'2-1': 'Patient Study', '3-2': 'Gifts from the Fallen', '4-2': 'Ionia Crest'}}
2023-11-13 15:22:27,059:INFO:Player: MGG ARaye, Match Data: {'placement': 1, 'augments': {'2-1': 'Martyr', '3-2': 'Contagion', '4-2': 'Bruiser Crest'}}
2023-11-13 15:22:27,060:INFO:Player: MGG ARaye, Match Data: {'placement': 1, 'augments': {'2-1': 'Golden Ticket', '3-2': 'Radiant Relics', '4-2': 'Cybernetic Leech III'}}
2023-11-13 15:22:27,060:INFO:Player: MGG ARaye, Match Data: {'placement': 3, 'augments': {'2-1': 'Unknown Augment', '3-2': 'Vanquisher Crown', '4-2': 'Gifts from the Fallen'}}
2023-11-13 15:22:27,060:INFO:Player: MGG ARaye, Match Data: {'placement': 1, 'augments': {'2-1': 'Silver Spoon', '3-2': 'Young and Wild and Free', '4-2': 'Stolen Vitality'}}
2023-11-13 15:22:27,060:INFO:Player: MGG ARaye, Match Data: {'placement': 4, 'augments': {'2-1': 'Inconsistency', '3-2': 'Unified Resistance II', '4-2': 'Unknown Augment'}}
2023-11-13 15:22:27,060:INFO:Player: MGG ARaye, Match Data: {'placement': 2, 'augments': {'2-1': 'Dedication', '3-2': 'Healing Orbs I', '4-2': 'Know Your Enemy'}}
2023-11-13 15:22:27,060:INFO:Player: MGG ARaye, Match Data: {'placement': 3, 'augments': {'2-1': 'Birthday Present', '3-2': 'Unified Resistance II', '4-2': 'Impenetrable Bulwark'}}
2023-11-13 15:22:27,060:INFO:Player: MGG ARaye, Match Data: {'placement': 2, 'augments': {'2-1': 'Living Forge', '3-2': 'Stationary Support III', '4-2': 'Sorcerer Crown'}}
2023-11-13 15:22:27,060:INFO:Player: MGG ARaye, Match Data: {'placement': 1, 'augments': {'2-1': 'Noxus Crown', '3-2': 'Last Stand', '4-2': 'Blinding Speed'}}
2023-11-13 15:22:27,060:INFO:Player: MGG ARaye, Match Data: {'placement': 7, 'augments': {'2-1': 'A Cut Above', '3-2': "Pandora's Bench", '4-2': 'You Have My Bow'}}
2023-11-13 15:22:27,060:INFO:Player: MGG ARaye, Match Data: {'placement': 1, 'augments': {'2-1': 'Metabolic Accelerator', '3-2': 'Ancient Archives II', '4-2': 'Unknown Augment'}}
2023-11-13 15:22:27,060:INFO:Player: MGG ARaye, Match Data: {'placement': 5, 'augments': {'2-1': 'Vanquisher Crest', '3-2': "Pandora's Items II", '4-2': 'Mana Burn'}}
2023-11-13 15:22:27,060:INFO:Player: MGG ARaye, Match Data: {'placement': 1, 'augments': {'2-1': 'Idealism', '3-2': 'Stationary Support II', '4-2': 'Perfected Repetition'}}
2023-11-13 15:22:27,060:INFO:Player: MGG ARaye, Match Data: {'placement': 5, 'augments': {'2-1': 'Contagion', '3-2': 'Support Cache', '4-2': 'Perfected Repetition'}}
2023-11-13 15:22:27,060:INFO:Player: MGG ARaye, Match Data: {'placement': 4, 'augments': {'2-1': 'Long Distance Pals II', '3-2': 'Army Building', '4-2': 'Library Card'}}
2023-11-13 15:22:27,060:INFO:Player: MGG ARaye, Match Data: {'placement': 7, 'augments': {'2-1': 'Component Buffet', '3-2': 'Rich Get Richer+', '4-2': 'Social Distancing II'}}
2023-11-13 15:22:27,060:INFO:Player: MGG ARaye, Match Data: {'placement': 3, 'augments': {'2-1': 'Trade Sector', '3-2': 'Unified Resistance I', '4-2': 'Stolen Vitality'}}
2023-11-13 15:22:27,060:INFO:Player: MGG ARaye, Match Data: {'placement': 1, 'augments': {'2-1': 'Unknown Augment', '3-2': 'Gifts from the Fallen', '4-2': 'Ionia Crest'}}
2023-11-13 15:22:27,060:INFO:Player: MGG ARaye, Match Data: {'placement': 8, 'augments': {'2-1': 'Frequent Flier', '3-2': 'Unknown Augment', '4-2': 'Jeweled Lotus II'}}
2023-11-13 15:22:27,061:INFO:Player: MGG ARaye, Match Data: {'placement': 2, 'augments': {'2-1': "Pandora's Items", '3-2': 'Noxus Crest', '4-2': 'Unified Resistance II'}}
2023-11-13 15:22:27,061:INFO:Player: MGG ARaye, Match Data: {'placement': 5, 'augments': {'2-1': 'Binary Airdrop', '3-2': 'Long Distance Pals II', '4-2': 'Gifts from the Fallen'}}
2023-11-13 15:22:27,061:INFO:Player: MGG ARaye, Match Data: {'placement': 6, 'augments': {'2-1': 'Double Trouble II', '3-2': 'Cybernetic Bulk I', '4-2': 'Morning Light'}}
2023-11-13 15:22:27,061:INFO:Player: MGG ARaye, Match Data: {'placement': 2, 'augments': {'2-1': 'Gifts from the Fallen', '3-2': 'Recombobulator', '4-2': 'Contagion'}}
2023-11-13 15:22:27,061:INFO:Player: MGG ARaye, Match Data: {'placement': 1, 'augments': {'2-1': 'Silver Ticket', '3-2': 'Unified Resistance I', '4-2': 'Library Card'}}
2023-11-13 15:22:27,061:INFO:Player: MGG ARaye, Match Data: {'placement': 1, 'augments': {'2-1': 'Overcharged Manafont', '3-2': 'Impenetrable Bulwark', '4-2': 'Healing Orbs I'}}
2023-11-13 15:22:27,061:INFO:Player: MGG ARaye, Match Data: {'placement': 1, 'augments': {'2-1': 'Riftwalk', '3-2': 'Long Distance Pals II', '4-2': 'Gifts from the Fallen'}}
2023-11-13 15:22:27,061:INFO:Player: MGG ARaye, Match Data: {'placement': 1, 'augments': {'2-1': 'Unknown Augment', '3-2': 'Young and Wild and Free', '4-2': 'Long Distance Pals II'}}
2023-11-13 15:22:27,061:INFO:Player: MGG ARaye, Match Data: {'placement': 2, 'augments': {'2-1': 'Stolen Vitality', '3-2': 'Dedication', '4-2': 'Ionia Crest'}}
2023-11-13 15:22:27,061:INFO:Player: MGG ARaye, Match Data: {'placement': 4, 'augments': {'2-1': 'Long Distance Pals II', '3-2': 'Army Building', '4-2': 'Rogue Crest'}}
2023-11-13 15:22:27,061:INFO:Player: MGG ARaye, Match Data: {'placement': 1, 'augments': {'2-1': 'Birthday Present', '3-2': 'Lucky Gloves', '4-2': 'Ionia Crown'}}
2023-11-13 15:22:27,061:INFO:Player: MGG ARaye, Match Data: {'placement': 3, 'augments': {'2-1': 'Silver Ticket', '3-2': 'Red Buff', '4-2': 'Gunner Crest'}}
2023-11-13 15:22:27,061:INFO:Player: MGG ARaye, Match Data: {'placement': 2, 'augments': {'2-1': 'Healing Orbs II', '3-2': 'Noxus Crest', '4-2': 'Unknown Augment'}}
2023-11-13 15:22:27,061:INFO:Player: MGG ARaye, Match Data: {'placement': 3, 'augments': {'2-1': 'Bastion Heart', '3-2': 'Bastion Crest', '4-2': 'Targon Heart'}}
2023-11-13 15:22:27,061:INFO:Player: MGG ARaye, Match Data: {'placement': 1, 'augments': {'2-1': 'Noxus Crest', '3-2': 'Long Distance Pals II', '4-2': 'Unknown Augment'}}
2023-11-13 15:22:27,061:INFO:Player: MGG ARaye, Match Data: {'placement': 1, 'augments': {'2-1': 'Gifts from the Fallen', '3-2': 'Demacia Crest', '4-2': 'You Have My Bow'}}
2023-11-13 15:22:27,061:INFO:Player: MGG ARaye, Match Data: {'placement': 3, 'augments': {'2-1': 'Long Distance Pals II', '3-2': 'Dedication', '4-2': "Sentinel's Spirit"}}
2023-11-13 15:22:27,061:INFO:Player: MGG ARaye, Match Data: {'placement': 3, 'augments': {'2-1': 'Bilgewater Crown', '3-2': 'Red Buff', '4-2': 'Unknown Augment'}}
2023-11-13 15:22:27,064:INFO:Data for player MGG ARaye saved to MGG_ARaye_matches_data.json
2023-11-13 15:22:41,188:INFO:Player: Ashito Aoi, Match Data: {'placement': 4, 'augments': {'2-1': 'Frequent Flier', '3-2': 'Healing Orbs I', '4-2': 'Unknown Augment'}}
2023-11-13 15:22:41,188:INFO:Player: Ashito Aoi, Match Data: {'placement': 1, 'augments': {'2-1': 'Unknown Augment', '3-2': "Pandora's Items", '4-2': 'Demacia Crest'}}
2023-11-13 15:22:41,188:INFO:Player: Ashito Aoi, Match Data: {'placement': 2, 'augments': {'2-1': 'Unknown Augment', '3-2': 'Stolen Vitality', '4-2': 'Unknown Augment'}}
2023-11-13 15:22:41,188:INFO:Player: Ashito Aoi, Match Data: {'placement': 1, 'augments': {'2-1': 'Unknown Augment', '3-2': 'Shurima Crest', '4-2': 'Return on Investment'}}
2023-11-13 15:22:41,188:INFO:Player: Ashito Aoi, Match Data: {'placement': 4, 'augments': {'2-1': 'Unknown Augment', '3-2': 'Buried Treasures III', '4-2': 'Bruiser Heart'}}
2023-11-13 15:22:41,188:INFO:Player: Ashito Aoi, Match Data: {'placement': 3, 'augments': {'2-1': 'Ionia Crest', '3-2': 'Red Buff', '4-2': 'Unknown Augment'}}
2023-11-13 15:22:41,188:INFO:Player: Ashito Aoi, Match Data: {'placement': 1, 'augments': {'2-1': 'Unknown Augment', '3-2': 'Red Buff', '4-2': 'Unknown Augment'}}
2023-11-13 15:22:41,188:INFO:Player: Ashito Aoi, Match Data: {'placement': 2, 'augments': {'2-1': 'Inconsistency', '3-2': 'Young and Wild and Free', '4-2': 'Unknown Augment'}}
2023-11-13 15:22:41,188:INFO:Player: Ashito Aoi, Match Data: {'placement': 4, 'augments': {'2-1': 'Unknown Augment', '3-2': 'Unknown Augment', '4-2': 'Unknown Augment'}}
2023-11-13 15:22:41,188:INFO:Player: Ashito Aoi, Match Data: {'placement': 1, 'augments': {'2-1': 'Unknown Augment', '3-2': 'Golden Ticket', '4-2': 'Cybernetic Leech I'}}
2023-11-13 15:22:41,188:INFO:Player: Ashito Aoi, Match Data: {'placement': 5, 'augments': {'2-1': 'Unknown Augment', '3-2': 'Missed Connections', '4-2': 'Unknown Augment'}}
2023-11-13 15:22:41,188:INFO:Player: Ashito Aoi, Match Data: {'placement': 1, 'augments': {'2-1': "Pandora's Bench", '3-2': 'Cybernetic Leech I', '4-2': 'Cybernetic Bulk III'}}
2023-11-13 15:22:41,189:INFO:Player: Ashito Aoi, Match Data: {'placement': 2, 'augments': {'2-1': 'Unknown Augment', '3-2': 'You Have My Sword', '4-2': 'Ionia Crown'}}
2023-11-13 15:22:41,189:INFO:Player: Ashito Aoi, Match Data: {'placement': 4, 'augments': {'2-1': 'Sorcerer Heart', '3-2': 'Tiny Titans', '4-2': 'Infernal Contract'}}
2023-11-13 15:22:41,189:INFO:Player: Ashito Aoi, Match Data: {'placement': 4, 'augments': {'2-1': 'Component Buffet', '3-2': 'Jeweled Lotus I', '4-2': 'Unknown Augment'}}
2023-11-13 15:22:41,189:INFO:Player: Ashito Aoi, Match Data: {'placement': 2, 'augments': {'2-1': 'Unknown Augment', '3-2': 'Unknown Augment', '4-2': 'Know Your Enemy'}}
2023-11-13 15:22:41,189:INFO:Player: Ashito Aoi, Match Data: {'placement': 2, 'augments': {'2-1': 'Level Up!', '3-2': 'What The Forge', '4-2': 'Unleashed Arcana'}}
2023-11-13 15:22:41,189:INFO:Player: Ashito Aoi, Match Data: {'placement': 3, 'augments': {'2-1': 'Unknown Augment', '3-2': 'Unified Resistance II', '4-2': 'Contagion'}}
2023-11-13 15:22:41,189:INFO:Player: Ashito Aoi, Match Data: {'placement': 3, 'augments': {'2-1': 'Unknown Augment', '3-2': 'Unified Resistance I', '4-2': 'Long Distance Pals II'}}
2023-11-13 15:22:41,189:INFO:Player: Ashito Aoi, Match Data: {'placement': 4, 'augments': {'2-1': 'Unknown Augment', '3-2': 'Gifts from the Fallen', '4-2': 'Unknown Augment'}}
2023-11-13 15:22:41,189:INFO:Player: Ashito Aoi, Match Data: {'placement': 1, 'augments': {'2-1': 'Unknown Augment', '3-2': 'Unknown Augment', '4-2': 'Gifts from the Fallen'}}
2023-11-13 15:22:41,189:INFO:Player: Ashito Aoi, Match Data: {'placement': 1, 'augments': {'2-1': 'Double Trouble II', '3-2': 'Tiny Titans', '4-2': 'Unified Resistance II'}}
2023-11-13 15:22:41,189:INFO:Player: Ashito Aoi, Match Data: {'placement': 4, 'augments': {'2-1': 'Shurima Crest', '3-2': 'Gifts from the Fallen', '4-2': 'Contagion'}}
2023-11-13 15:22:41,189:INFO:Player: Ashito Aoi, Match Data: {'placement': 3, 'augments': {'2-1': 'Unknown Augment', '3-2': 'Transfusion III', '4-2': 'Long Distance Pals II'}}
2023-11-13 15:22:41,189:INFO:Player: Ashito Aoi, Match Data: {'placement': 1, 'augments': {'2-1': 'Unknown Augment', '3-2': 'Shoplifting', '4-2': "Tactician's Tools"}}
2023-11-13 15:22:41,189:INFO:Player: Ashito Aoi, Match Data: {'placement': 1, 'augments': {'2-1': 'Unknown Augment', '3-2': 'You Have My Bow', '4-2': 'Unknown Augment'}}
2023-11-13 15:22:41,189:INFO:Player: Ashito Aoi, Match Data: {'placement': 1, 'augments': {'2-1': 'Unknown Augment', '3-2': 'Transfusion II', '4-2': 'Know Your Enemy'}}
2023-11-13 15:22:41,189:INFO:Player: Ashito Aoi, Match Data: {'placement': 3, 'augments': {'2-1': 'Harmacist I', '3-2': 'Vampiric Blades', '4-2': ''}}
2023-11-13 15:22:41,190:INFO:Player: Ashito Aoi, Match Data: {'placement': 4, 'augments': {'2-1': 'Unknown Augment', '3-2': 'Stationary Support II', '4-2': 'Cybernetic Bulk II'}}
2023-11-13 15:22:41,190:INFO:Player: Ashito Aoi, Match Data: {'placement': 1, 'augments': {'2-1': 'Unknown Augment', '3-2': 'Wellness Trust', '4-2': 'Level Up!'}}
2023-11-13 15:22:41,190:INFO:Player: Ashito Aoi, Match Data: {'placement': 8, 'augments': {'2-1': 'Unknown Augment', '3-2': 'Tiny Titans', '4-2': 'Hedge Fund++'}}
2023-11-13 15:22:41,190:INFO:Player: Ashito Aoi, Match Data: {'placement': 7, 'augments': {'2-1': 'Unknown Augment', '3-2': 'Radiant Relics', '4-2': 'Bilgewater Crest'}}
2023-11-13 15:22:41,190:INFO:Player: Ashito Aoi, Match Data: {'placement': 1, 'augments': {'2-1': 'Unknown Augment', '3-2': 'Army Building', '4-2': 'Strategist Heart'}}
2023-11-13 15:22:41,190:INFO:Player: Ashito Aoi, Match Data: {'placement': 5, 'augments': {'2-1': 'Unknown Augment', '3-2': 'Army Building', '4-2': 'Harmacist II'}}
2023-11-13 15:22:41,190:INFO:Player: Ashito Aoi, Match Data: {'placement': 5, 'augments': {'2-1': 'Unknown Augment', '3-2': 'Titanic Strength', '4-2': 'Unknown Augment'}}
2023-11-13 15:22:41,190:INFO:Player: Ashito Aoi, Match Data: {'placement': 1, 'augments': {'2-1': 'Unknown Augment', '3-2': 'Tons of Stats!', '4-2': 'Return on Investment'}}
2023-11-13 15:22:41,190:INFO:Player: Ashito Aoi, Match Data: {'placement': 5, 'augments': {'2-1': 'Unknown Augment', '3-2': 'You Have My Bow', '4-2': 'Social Distancing III'}}
2023-11-13 15:22:41,190:INFO:Player: Ashito Aoi, Match Data: {'placement': 1, 'augments': {'2-1': 'Winds of War', '3-2': 'Slayer Heart', '4-2': 'Demacia Crest'}}
2023-11-13 15:22:41,190:INFO:Player: Ashito Aoi, Match Data: {'placement': 4, 'augments': {'2-1': 'Unknown Augment', '3-2': 'Harmacist I', '4-2': 'Library Card'}}
2023-11-13 15:22:41,190:INFO:Player: Ashito Aoi, Match Data: {'placement': 1, 'augments': {'2-1': 'Golden Ticket', '3-2': 'Cybernetic Leech I', '4-2': 'Long Distance Pals II'}}
2023-11-13 15:22:41,190:INFO:Player: Ashito Aoi, Match Data: {'placement': 3, 'augments': {'2-1': 'Bronze Ticket', '3-2': "Pandora's Items", '4-2': 'Long Distance Pals II'}}
2023-11-13 15:22:41,190:INFO:Player: Ashito Aoi, Match Data: {'placement': 4, 'augments': {'2-1': "Pandora's Items", '3-2': 'Support Cache', '4-2': 'Ionia Crown'}}
2023-11-13 15:22:41,190:INFO:Player: Ashito Aoi, Match Data: {'placement': 1, 'augments': {'2-1': 'Unknown Augment', '3-2': 'Phreaky Friday+', '4-2': 'Social Distancing II'}}
2023-11-13 15:22:41,190:INFO:Player: Ashito Aoi, Match Data: {'placement': 6, 'augments': {'2-1': 'Unknown Augment', '3-2': 'Healing Orbs I', '4-2': 'Overcharged Manafont'}}
2023-11-13 15:22:41,190:INFO:Player: Ashito Aoi, Match Data: {'placement': 1, 'augments': {'2-1': 'Unknown Augment', '3-2': 'Magic Wand', '4-2': 'Long Distance Pals II'}}
2023-11-13 15:22:41,190:INFO:Player: Ashito Aoi, Match Data: {'placement': 4, 'augments': {'2-1': 'Unknown Augment', '3-2': 'Golden Ticket', '4-2': 'Stationary Support II'}}
2023-11-13 15:22:41,190:INFO:Player: Ashito Aoi, Match Data: {'placement': 2, 'augments': {'2-1': 'Unknown Augment', '3-2': 'Healing Orbs I', '4-2': 'Jeweled Lotus II'}}
2023-11-13 15:22:41,191:INFO:Player: Ashito Aoi, Match Data: {'placement': 2, 'augments': {'2-1': 'Unknown Augment', '3-2': 'Shoplifting', '4-2': 'Salvage Bin+'}}
2023-11-13 15:22:41,191:INFO:Player: Ashito Aoi, Match Data: {'placement': 7, 'augments': {'2-1': 'Silver Spoon', '3-2': 'Ionia Crest', '4-2': 'Long Distance Pals II'}}
2023-11-13 15:22:41,191:INFO:Player: Ashito Aoi, Match Data: {'placement': 6, 'augments': {'2-1': 'Blood Money', '3-2': 'Martyr', '4-2': 'Hedge Fund++'}}
2023-11-13 15:22:41,191:INFO:Player: Ashito Aoi, Match Data: {'placement': 3, 'augments': {'2-1': 'Gunner Heart', '3-2': 'Bronze Ticket', '4-2': 'Overwhelming Force'}}
2023-11-13 15:22:41,191:INFO:Player: Ashito Aoi, Match Data: {'placement': 6, 'augments': {'2-1': 'Unknown Augment', '3-2': 'Silver Ticket', '4-2': 'Phreaky Friday+'}}
2023-11-13 15:22:41,191:INFO:Player: Ashito Aoi, Match Data: {'placement': 4, 'augments': {'2-1': 'Sorcerer Crown', '3-2': "Pandora's Bench", '4-2': 'Overcharged Manafont'}}
2023-11-13 15:22:41,191:INFO:Player: Ashito Aoi, Match Data: {'placement': 3, 'augments': {'2-1': 'Unknown Augment', '3-2': 'Social Distancing I', '4-2': 'Roll The Dice'}}
2023-11-13 15:22:41,191:INFO:Player: Ashito Aoi, Match Data: {'placement': 8, 'augments': {'2-1': 'Unknown Augment', '3-2': 'Shoplifting', '4-2': 'Ionia Crest'}}
2023-11-13 15:22:41,191:INFO:Player: Ashito Aoi, Match Data: {'placement': 4, 'augments': {'2-1': 'Unknown Augment', '3-2': 'Golden Ticket', '4-2': 'Library Card'}}
2023-11-13 15:22:41,191:INFO:Player: Ashito Aoi, Match Data: {'placement': 2, 'augments': {'2-1': "Pandora's Items", '3-2': "Pandora's Bench", '4-2': 'Unknown Augment'}}
2023-11-13 15:22:41,191:INFO:Player: Ashito Aoi, Match Data: {'placement': 2, 'augments': {'2-1': 'Inconsistency', '3-2': 'Sorcerer Heart', '4-2': 'What The Forge'}}
2023-11-13 15:22:41,191:INFO:Player: Ashito Aoi, Match Data: {'placement': 6, 'augments': {'2-1': 'Unknown Augment', '3-2': 'You Have My Bow', '4-2': 'Know Your Enemy'}}
2023-11-13 15:22:41,191:INFO:Player: Ashito Aoi, Match Data: {'placement': 2, 'augments': {'2-1': 'Unknown Augment', '3-2': 'Frequent Flier', '4-2': 'Harmacist II'}}
2023-11-13 15:22:41,191:INFO:Player: Ashito Aoi, Match Data: {'placement': 1, 'augments': {'2-1': 'Unknown Augment', '3-2': 'Cybernetic Bulk I', '4-2': 'Support Cache'}}
2023-11-13 15:22:41,191:INFO:Player: Ashito Aoi, Match Data: {'placement': 2, 'augments': {'2-1': 'Unknown Augment', '3-2': 'Unknown Augment', '4-2': 'Unknown Augment'}}
2023-11-13 15:22:41,191:INFO:Player: Ashito Aoi, Match Data: {'placement': 2, 'augments': {'2-1': 'Unknown Augment', '3-2': 'Tons of Stats!', '4-2': 'Level Up!'}}
2023-11-13 15:22:41,191:INFO:Player: Ashito Aoi, Match Data: {'placement': 3, 'augments': {'2-1': 'Component Buffet', '3-2': 'Unified Resistance II', '4-2': 'Impenetrable Bulwark'}}
2023-11-13 15:22:41,191:INFO:Player: Ashito Aoi, Match Data: {'placement': 1, 'augments': {'2-1': 'Unknown Augment', '3-2': 'Unknown Augment', '4-2': 'Vanquisher Crest'}}
2023-11-13 15:22:41,191:INFO:Player: Ashito Aoi, Match Data: {'placement': 3, 'augments': {'2-1': 'Unknown Augment', '3-2': 'Silver Ticket', '4-2': 'Harmacist II'}}
2023-11-13 15:22:41,191:INFO:Player: Ashito Aoi, Match Data: {'placement': 5, 'augments': {'2-1': '', '3-2': '', '4-2': ''}}
2023-11-13 15:22:41,192:INFO:Player: Ashito Aoi, Match Data: {'placement': 3, 'augments': {'2-1': 'Harmacist III', '3-2': 'Tiny Titans', '4-2': 'Morning Light'}}
2023-11-13 15:22:41,192:INFO:Player: Ashito Aoi, Match Data: {'placement': 2, 'augments': {'2-1': 'Unknown Augment', '3-2': "Pandora's Bench", '4-2': 'Tons of Stats!'}}
2023-11-13 15:22:41,192:INFO:Player: Ashito Aoi, Match Data: {'placement': 2, 'augments': {'2-1': 'Unknown Augment', '3-2': 'Stable Evolution', '4-2': 'Bruiser Crest'}}
2023-11-13 15:22:41,192:INFO:Player: Ashito Aoi, Match Data: {'placement': 1, 'augments': {'2-1': "Pandora's Bench", '3-2': 'Vampiric Blades', '4-2': 'Social Distancing II'}}
2023-11-13 15:22:41,192:INFO:Player: Ashito Aoi, Match Data: {'placement': 6, 'augments': {'2-1': 'Young and Wild and Free', '3-2': 'Unknown Augment', '4-2': 'Freljord Soul'}}
2023-11-13 15:22:41,192:INFO:Player: Ashito Aoi, Match Data: {'placement': 5, 'augments': {'2-1': 'Rich Get Richer', '3-2': 'Social Distancing I', '4-2': 'Tons of Stats!'}}
2023-11-13 15:22:41,192:INFO:Player: Ashito Aoi, Match Data: {'placement': 6, 'augments': {'2-1': 'Inconsistency', '3-2': 'Jeweled Lotus I', '4-2': 'Radiant Relics'}}
2023-11-13 15:22:41,192:INFO:Player: Ashito Aoi, Match Data: {'placement': 1, 'augments': {'2-1': 'Unknown Augment', '3-2': 'Silver Ticket', '4-2': 'Unknown Augment'}}
2023-11-13 15:22:41,192:INFO:Player: Ashito Aoi, Match Data: {'placement': 5, 'augments': {'2-1': 'Social Distancing I', '3-2': 'Cybernetic Bulk I', '4-2': 'Unified Resistance II'}}
2023-11-13 15:22:41,192:INFO:Player: Ashito Aoi, Match Data: {'placement': 6, 'augments': {'2-1': 'Tiniest Titan', '3-2': 'Binary Airdrop', '4-2': 'Martyr'}}
2023-11-13 15:22:41,192:INFO:Player: Ashito Aoi, Match Data: {'placement': 1, 'augments': {'2-1': 'Unknown Augment', '3-2': 'Healing Orbs I', '4-2': 'Cybernetic Leech II'}}
2023-11-13 15:22:41,192:INFO:Player: Ashito Aoi, Match Data: {'placement': 5, 'augments': {'2-1': 'Unknown Augment', '3-2': 'Young and Wild and Free', '4-2': 'Overcharged Manafont'}}
2023-11-13 15:22:41,192:INFO:Player: Ashito Aoi, Match Data: {'placement': 5, 'augments': {'2-1': 'On a Roll', '3-2': 'Noxus Crest', '4-2': "Tactician's Tools"}}
2023-11-13 15:22:41,192:INFO:Player: Ashito Aoi, Match Data: {'placement': 1, 'augments': {'2-1': 'Unknown Augment', '3-2': 'Buried Treasures III', '4-2': 'Sorcerer Crown'}}
2023-11-13 15:22:41,192:INFO:Player: Ashito Aoi, Match Data: {'placement': 3, 'augments': {'2-1': 'Unknown Augment', '3-2': 'Frequent Flier', '4-2': 'Binary Airdrop'}}
2023-11-13 15:22:41,192:INFO:Player: Ashito Aoi, Match Data: {'placement': 3, 'augments': {'2-1': 'Unknown Augment', '3-2': 'Frequent Flier', '4-2': 'Gifts from the Fallen'}}
2023-11-13 15:22:41,192:INFO:Player: Ashito Aoi, Match Data: {'placement': 1, 'augments': {'2-1': 'Unknown Augment', '3-2': "Pandora's Bench", '4-2': 'Tons of Stats!'}}
2023-11-13 15:22:41,192:INFO:Player: Ashito Aoi, Match Data: {'placement': 1, 'augments': {'2-1': 'Unknown Augment', '3-2': "Pandora's Bench", '4-2': 'Harmacist II'}}
2023-11-13 15:22:41,193:INFO:Player: Ashito Aoi, Match Data: {'placement': 1, 'augments': {'2-1': 'Consistency', '3-2': 'Harmacist II', '4-2': 'Gifts from the Fallen'}}
2023-11-13 15:22:41,193:INFO:Player: Ashito Aoi, Match Data: {'placement': 1, 'augments': {'2-1': 'Component Buffet', '3-2': 'Dedication', '4-2': 'Vanquisher Crest'}}
2023-11-13 15:22:41,193:INFO:Player: Ashito Aoi, Match Data: {'placement': 1, 'augments': {'2-1': 'Unknown Augment', '3-2': 'Army Building', '4-2': 'Cybernetic Bulk II'}}
2023-11-13 15:22:41,193:INFO:Player: Ashito Aoi, Match Data: {'placement': 8, 'augments': {'2-1': 'Unknown Augment', '3-2': 'Frequent Flier', '4-2': 'Gifts from the Fallen'}}
2023-11-13 15:22:41,193:INFO:Player: Ashito Aoi, Match Data: {'placement': 1, 'augments': {'2-1': 'Golden Ticket', '3-2': 'Binary Airdrop', '4-2': 'Harmacist III'}}
2023-11-13 15:22:41,193:INFO:Player: Ashito Aoi, Match Data: {'placement': 7, 'augments': {'2-1': 'Army Building', '3-2': 'Transfusion II', '4-2': 'Loving Invocation'}}
2023-11-13 15:22:41,193:INFO:Player: Ashito Aoi, Match Data: {'placement': 7, 'augments': {'2-1': 'Unknown Augment', '3-2': 'Harmacist III', '4-2': 'Social Distancing I'}}
2023-11-13 15:22:41,193:INFO:Player: Ashito Aoi, Match Data: {'placement': 2, 'augments': {'2-1': 'Unknown Augment', '3-2': 'Harmacist III', '4-2': 'Martyr'}}
2023-11-13 15:22:41,193:INFO:Player: Ashito Aoi, Match Data: {'placement': 8, 'augments': {'2-1': 'Unknown Augment', '3-2': 'Unknown Augment', '4-2': 'Vanquisher Crest'}}
2023-11-13 15:22:41,193:INFO:Player: Ashito Aoi, Match Data: {'placement': 3, 'augments': {'2-1': 'Unknown Augment', '3-2': 'Noxus Crest', '4-2': 'Gifts from the Fallen'}}
2023-11-13 15:22:41,193:INFO:Player: Ashito Aoi, Match Data: {'placement': 1, 'augments': {'2-1': 'Tiniest Titan', '3-2': 'Vanquisher Crown', '4-2': 'Vanquisher Heart'}}
2023-11-13 15:22:41,193:INFO:Player: Ashito Aoi, Match Data: {'placement': 3, 'augments': {'2-1': 'Harmacist III', '3-2': 'Social Distancing III', '4-2': 'Cybernetic Leech II'}}
2023-11-13 15:22:41,193:INFO:Player: Ashito Aoi, Match Data: {'placement': 1, 'augments': {'2-1': 'Cruel Pact', '3-2': 'Bastion Heart', '4-2': 'Harmacist II'}}
2023-11-13 15:22:41,193:INFO:Player: Ashito Aoi, Match Data: {'placement': 2, 'augments': {'2-1': 'Unknown Augment', '3-2': 'Healing Orbs I', '4-2': 'Unknown Augment'}}
2023-11-13 15:22:41,193:INFO:Player: Ashito Aoi, Match Data: {'placement': 5, 'augments': {'2-1': 'Frequent Flier', '3-2': 'Noxus Crown', '4-2': 'Know Your Enemy'}}
2023-11-13 15:22:41,201:INFO:Data for player Ashito Aoi saved to Ashito_Aoi_matches_data.json
